INFO: checking for a Latex2e program...
INFO: +checking for "latex"...  yes
INFO: checking for a DVI postprocessing program...
INFO: +checking for "pplatex"...  no
INFO: checking for pLaTeX, the Japanese LaTeX...
INFO: +checking for "platex"...  no
DEBUG: Add to RC:
\converter latex      dvi        "latex"	"latex"


INFO: checking for a Tgif viewer and editor...
INFO: +checking for "tgif"...  no
INFO: checking for a Tgif viewer and editor...
INFO: +checking for "tgif"...  no
DEBUG: Add to RC:
\Format tgif       obj     Tgif                   "" "auto"	"auto"	"vector"


INFO: checking for a FIG viewer and editor...
INFO: +checking for "xfig"...  no
INFO: +checking for "jfig3-itext.jar"...  no
INFO: +checking for "jfig3.jar"...  no
INFO: checking for a FIG viewer and editor...
INFO: +checking for "xfig"...  no
INFO: +checking for "jfig3-itext.jar"...  no
INFO: +checking for "jfig3.jar"...  no
DEBUG: Add to RC:
\Format fig        fig     FIG                    "" "auto"	"auto"	"vector"


INFO: checking for a Dia viewer and editor...
INFO: +checking for "dia"...  no
INFO: checking for a Dia viewer and editor...
INFO: +checking for "dia"...  no
DEBUG: Add to RC:
\Format dia        dia     DIA                    "" "auto"	"auto"	"vector"


INFO: checking for a Grace viewer and editor...
INFO: +checking for "xmgrace"...  no
INFO: checking for a Grace viewer and editor...
INFO: +checking for "xmgrace"...  no
DEBUG: Add to RC:
\Format agr        agr     Grace                  "" "auto"	"auto"	"vector"


INFO: checking for a FEN viewer and editor...
INFO: +checking for "xboard"...  no
INFO: checking for a FEN viewer and editor...
INFO: +checking for "xboard"...  no
DEBUG: Add to RC:
\Format fen        fen     FEN                    "" "auto"	"auto"	""


INFO: checking for a SVG viewer and editor...
INFO: +checking for "inkscape"...  yes
DEBUG: Add to RC:
\editor_alternatives svg inkscape


INFO: checking for a SVG viewer and editor...
INFO: +checking for "inkscape"...  yes
DEBUG: Add to RC:
\Format svg        svg     SVG                    "" "inkscape" "inkscape"	"vector"


DEBUG: Add to RC:
\viewer_alternatives svg inkscape


INFO: checking for a raster image viewer...
INFO: +checking for "xv"...  no
INFO: +checking for "kview"...  no
INFO: +checking for "gimp-remote"...  no
INFO: +checking for "gimp"...  yes
DEBUG: Add to RC:
\viewer_alternatives bmp gimp
\viewer_alternatives gif gimp
\viewer_alternatives jpg gimp
\viewer_alternatives pbm gimp
\viewer_alternatives pgm gimp
\viewer_alternatives png gimp
\viewer_alternatives ppm gimp
\viewer_alternatives tiff gimp
\viewer_alternatives xbm gimp
\viewer_alternatives xpm gimp


INFO: checking for a raster image editor...
INFO: +checking for "gimp-remote"...  no
INFO: +checking for "gimp"...  yes
DEBUG: Add to RC:
\editor_alternatives bmp gimp
\editor_alternatives gif gimp
\editor_alternatives jpg gimp
\editor_alternatives pbm gimp
\editor_alternatives pgm gimp
\editor_alternatives png gimp
\editor_alternatives ppm gimp
\editor_alternatives tiff gimp
\editor_alternatives xbm gimp
\editor_alternatives xpm gimp


DEBUG: Add to RC:
\Format bmp        bmp     BMP                    "" "gimp"	"gimp"	""
\Format gif        gif     GIF                    "" "gimp"	"gimp"	""
\Format jpg        jpg     JPEG                   "" "gimp"	"gimp"	""
\Format pbm        pbm     PBM                    "" "gimp"	"gimp"	""
\Format pgm        pgm     PGM                    "" "gimp"	"gimp"	""
\Format png        png     PNG                    "" "gimp"	"gimp"	""
\Format ppm        ppm     PPM                    "" "gimp"	"gimp"	""
\Format tiff       tif     TIFF                   "" "gimp"	"gimp"	""
\Format xbm        xbm     XBM                    "" "gimp"	"gimp"	""
\Format xpm        xpm     XPM                    "" "gimp"	"gimp"	""


INFO: checking for a text editor...
INFO: +checking for "sensible-editor"...  yes
DEBUG: Add to RC:
\editor_alternatives asciichess sensible-editor
\editor_alternatives asciiimage sensible-editor
\editor_alternatives asciixfig sensible-editor
\editor_alternatives dateout sensible-editor
\editor_alternatives docbook sensible-editor
\editor_alternatives docbook-xml sensible-editor
\editor_alternatives dot sensible-editor
\editor_alternatives platex sensible-editor
\editor_alternatives literate sensible-editor
\editor_alternatives sweave sensible-editor
\editor_alternatives lilypond sensible-editor
\editor_alternatives lilypond-book sensible-editor
\editor_alternatives latex sensible-editor
\editor_alternatives luatex sensible-editor
\editor_alternatives pdflatex sensible-editor
\editor_alternatives xetex sensible-editor
\editor_alternatives text sensible-editor
\editor_alternatives text2 sensible-editor
\editor_alternatives text3 sensible-editor
\editor_alternatives text4 sensible-editor
\editor_alternatives textparagraph sensible-editor


INFO: +checking for "xemacs"...  no
INFO: +checking for "gvim"...  yes
DEBUG: Add to RC:
\editor_alternatives asciichess gvim
\editor_alternatives asciiimage gvim
\editor_alternatives asciixfig gvim
\editor_alternatives dateout gvim
\editor_alternatives docbook gvim
\editor_alternatives docbook-xml gvim
\editor_alternatives dot gvim
\editor_alternatives platex gvim
\editor_alternatives literate gvim
\editor_alternatives sweave gvim
\editor_alternatives lilypond gvim
\editor_alternatives lilypond-book gvim
\editor_alternatives latex gvim
\editor_alternatives luatex gvim
\editor_alternatives pdflatex gvim
\editor_alternatives xetex gvim
\editor_alternatives text gvim
\editor_alternatives text2 gvim
\editor_alternatives text3 gvim
\editor_alternatives text4 gvim
\editor_alternatives textparagraph gvim


INFO: +checking for "kedit"...  no
INFO: +checking for "kwrite"...  no
INFO: +checking for "kate"...  no
INFO: +checking for "nedit"...  no
INFO: +checking for "gedit"...  yes
DEBUG: Add to RC:
\editor_alternatives asciichess gedit
\editor_alternatives asciiimage gedit
\editor_alternatives asciixfig gedit
\editor_alternatives dateout gedit
\editor_alternatives docbook gedit
\editor_alternatives docbook-xml gedit
\editor_alternatives dot gedit
\editor_alternatives platex gedit
\editor_alternatives literate gedit
\editor_alternatives sweave gedit
\editor_alternatives lilypond gedit
\editor_alternatives lilypond-book gedit
\editor_alternatives latex gedit
\editor_alternatives luatex gedit
\editor_alternatives pdflatex gedit
\editor_alternatives xetex gedit
\editor_alternatives text gedit
\editor_alternatives text2 gedit
\editor_alternatives text3 gedit
\editor_alternatives text4 gedit
\editor_alternatives textparagraph gedit


INFO: +checking for "notepad"...  yes
DEBUG: Add to RC:
\editor_alternatives asciichess notepad
\editor_alternatives asciiimage notepad
\editor_alternatives asciixfig notepad
\editor_alternatives dateout notepad
\editor_alternatives docbook notepad
\editor_alternatives docbook-xml notepad
\editor_alternatives dot notepad
\editor_alternatives platex notepad
\editor_alternatives literate notepad
\editor_alternatives sweave notepad
\editor_alternatives lilypond notepad
\editor_alternatives lilypond-book notepad
\editor_alternatives latex notepad
\editor_alternatives luatex notepad
\editor_alternatives pdflatex notepad
\editor_alternatives xetex notepad
\editor_alternatives text notepad
\editor_alternatives text2 notepad
\editor_alternatives text3 notepad
\editor_alternatives text4 notepad
\editor_alternatives textparagraph notepad


INFO: checking for a text editor...
INFO: +checking for "sensible-editor"...  yes
DEBUG: Add to RC:
\Format asciichess asc    "Plain text (chess output)"  "" ""	"sensible-editor"	""
\Format asciiimage asc    "Plain text (image)"         "" ""	"sensible-editor"	""
\Format asciixfig  asc    "Plain text (Xfig output)"   "" ""	"sensible-editor"	""
\Format dateout    tmp    "date (output)"         "" ""	"sensible-editor"	""
\Format docbook    sgml    DocBook                B  ""	"sensible-editor"	"document,menu=export"
\Format docbook-xml xml   "Docbook (XML)"         "" ""	"sensible-editor"	"document,menu=export"
\Format dot        dot    "Graphviz Dot"          "" ""	"sensible-editor"	"vector"
\Format platex     tex    "LaTeX (pLaTeX)"        "" "" "sensible-editor"    "document,menu=export"
\Format literate   nw      NoWeb                  N  ""	"sensible-editor"	"document,menu=export"
\Format sweave     Rnw    "Sweave"                S  "" "sensible-editor"    "document,menu=export"
\Format lilypond   ly     "LilyPond music"        "" ""	"sensible-editor"	"vector"
\Format lilypond-book    lytex "LilyPond book (LaTeX)"   "" ""	"sensible-editor"	"document"
\Format latex      tex    "LaTeX (plain)"         L  ""	"sensible-editor"	"document,menu=export"
\Format luatex     tex    "LaTeX (LuaTeX)"        "" ""	"sensible-editor"	"document,menu=export"
\Format pdflatex   tex    "LaTeX (pdflatex)"      "" ""	"sensible-editor"	"document,menu=export"
\Format xetex      tex    "LaTeX (XeTeX)"         "" ""	"sensible-editor"	"document,menu=export"
\Format text       txt    "Plain text"            a  ""	"sensible-editor"	"document,menu=export"
\Format text2      txt    "Plain text (pstotext)" "" ""	"sensible-editor"	"document"
\Format text3      txt    "Plain text (ps2ascii)" "" ""	"sensible-editor"	"document"
\Format text4      txt    "Plain text (catdvi)"   "" ""	"sensible-editor"	"document"
\Format textparagraph txt "Plain Text, Join Lines" "" ""	"sensible-editor"	"document"


DEBUG: Add to RC:
\viewer_alternatives asciichess sensible-editor
\viewer_alternatives asciiimage sensible-editor
\viewer_alternatives asciixfig sensible-editor
\viewer_alternatives dateout sensible-editor
\viewer_alternatives docbook sensible-editor
\viewer_alternatives docbook-xml sensible-editor
\viewer_alternatives dot sensible-editor
\viewer_alternatives platex sensible-editor
\viewer_alternatives literate sensible-editor
\viewer_alternatives sweave sensible-editor
\viewer_alternatives lilypond sensible-editor
\viewer_alternatives lilypond-book sensible-editor
\viewer_alternatives latex sensible-editor
\viewer_alternatives luatex sensible-editor
\viewer_alternatives pdflatex sensible-editor
\viewer_alternatives xetex sensible-editor
\viewer_alternatives text sensible-editor
\viewer_alternatives text2 sensible-editor
\viewer_alternatives text3 sensible-editor
\viewer_alternatives text4 sensible-editor
\viewer_alternatives textparagraph sensible-editor


INFO: +checking for "xemacs"...  no
INFO: +checking for "gvim"...  yes
DEBUG: Add to RC:
\viewer_alternatives asciichess gvim
\viewer_alternatives asciiimage gvim
\viewer_alternatives asciixfig gvim
\viewer_alternatives dateout gvim
\viewer_alternatives docbook gvim
\viewer_alternatives docbook-xml gvim
\viewer_alternatives dot gvim
\viewer_alternatives platex gvim
\viewer_alternatives literate gvim
\viewer_alternatives sweave gvim
\viewer_alternatives lilypond gvim
\viewer_alternatives lilypond-book gvim
\viewer_alternatives latex gvim
\viewer_alternatives luatex gvim
\viewer_alternatives pdflatex gvim
\viewer_alternatives xetex gvim
\viewer_alternatives text gvim
\viewer_alternatives text2 gvim
\viewer_alternatives text3 gvim
\viewer_alternatives text4 gvim
\viewer_alternatives textparagraph gvim


INFO: +checking for "kedit"...  no
INFO: +checking for "kwrite"...  no
INFO: +checking for "kate"...  no
INFO: +checking for "nedit"...  no
INFO: +checking for "gedit"...  yes
DEBUG: Add to RC:
\viewer_alternatives asciichess gedit
\viewer_alternatives asciiimage gedit
\viewer_alternatives asciixfig gedit
\viewer_alternatives dateout gedit
\viewer_alternatives docbook gedit
\viewer_alternatives docbook-xml gedit
\viewer_alternatives dot gedit
\viewer_alternatives platex gedit
\viewer_alternatives literate gedit
\viewer_alternatives sweave gedit
\viewer_alternatives lilypond gedit
\viewer_alternatives lilypond-book gedit
\viewer_alternatives latex gedit
\viewer_alternatives luatex gedit
\viewer_alternatives pdflatex gedit
\viewer_alternatives xetex gedit
\viewer_alternatives text gedit
\viewer_alternatives text2 gedit
\viewer_alternatives text3 gedit
\viewer_alternatives text4 gedit
\viewer_alternatives textparagraph gedit


INFO: +checking for "notepad"...  yes
DEBUG: Add to RC:
\viewer_alternatives asciichess notepad
\viewer_alternatives asciiimage notepad
\viewer_alternatives asciixfig notepad
\viewer_alternatives dateout notepad
\viewer_alternatives docbook notepad
\viewer_alternatives docbook-xml notepad
\viewer_alternatives dot notepad
\viewer_alternatives platex notepad
\viewer_alternatives literate notepad
\viewer_alternatives sweave notepad
\viewer_alternatives lilypond notepad
\viewer_alternatives lilypond-book notepad
\viewer_alternatives latex notepad
\viewer_alternatives luatex notepad
\viewer_alternatives pdflatex notepad
\viewer_alternatives xetex notepad
\viewer_alternatives text notepad
\viewer_alternatives text2 notepad
\viewer_alternatives text3 notepad
\viewer_alternatives text4 notepad
\viewer_alternatives textparagraph notepad


INFO: checking for gnumeric spreadsheet software...
INFO: +checking for "gnumeric"...  no
DEBUG: Add to RC:
\Format gnumeric gnumeric "Gnumeric spreadsheet" "" ""    "auto"   "document" 
\Format excel      xls    "Excel spreadsheet"      "" "" "auto"    "document" 
\Format oocalc     ods    "OpenOffice spreadsheet" "" "" "auto"    "document"


INFO: checking for an HTML previewer...
INFO: +checking for "firefox"...  yes
DEBUG: Add to RC:
\Format xhtml      xhtml   "LyXHTML"              y "firefox" ""    "document,menu=export"


DEBUG: Add to RC:
\viewer_alternatives xhtml firefox


INFO: +checking for "mozilla"...  no
INFO: +checking for "netscape"...  no
INFO: checking for a BibTeX editor...
INFO: +checking for "sensible-editor"...  yes
DEBUG: Add to RC:
\Format bibtex bib    "BibTeX"         "" ""	"sensible-editor"	""


DEBUG: Add to RC:
\editor_alternatives bibtex sensible-editor


INFO: +checking for "jabref"...  no
INFO: +checking for "JabRef"...  no
INFO: +checking for "pybliographic"...  no
INFO: +checking for "bibdesk"...  no
INFO: +checking for "gbib"...  no
INFO: +checking for "kbib"...  no
INFO: +checking for "kbibtex"...  no
INFO: +checking for "sixpack"...  no
INFO: +checking for "bibedit"...  no
INFO: +checking for "tkbibtexxemacs"...  no
INFO: +checking for "gvim"...  yes
DEBUG: Add to RC:
\editor_alternatives bibtex gvim


INFO: +checking for "kedit"...  no
INFO: +checking for "kwrite"...  no
INFO: +checking for "kate"...  no
INFO: +checking for "nedit"...  no
INFO: +checking for "gedit"...  yes
DEBUG: Add to RC:
\editor_alternatives bibtex gedit


INFO: +checking for "notepad"...  yes
DEBUG: Add to RC:
\editor_alternatives bibtex notepad


INFO: checking for a Postscript previewer...
INFO: +checking for "kghostview"...  no
INFO: +checking for "okular"...  no
INFO: +checking for "evince"...  yes
DEBUG: Add to RC:
\Format eps        eps     EPS                    "" "evince"	""	"vector"
\Format ps         ps      Postscript             t  "evince"	""	"document,vector"


DEBUG: Add to RC:
\viewer_alternatives eps evince
\viewer_alternatives ps evince


INFO: +checking for "gv"...  no
INFO: +checking for "ghostview"...  no
INFO: checking for a PDF previewer...
INFO: +checking for "kpdf"...  no
INFO: +checking for "okular"...  no
INFO: +checking for "evince"...  yes
DEBUG: Add to RC:
\Format pdf        pdf    "PDF (ps2pdf)"          P  "evince"	""	"document,vector,menu=export"
\Format pdf2       pdf    "PDF (pdflatex)"        F  "evince"	""	"document,vector,menu=export"
\Format pdf3       pdf    "PDF (dvipdfm)"         m  "evince"	""	"document,vector,menu=export"
\Format pdf4       pdf    "PDF (XeTeX)"           X  "evince"	""	"document,vector,menu=export"
\Format pdf5       pdf    "PDF (LuaTeX)"          u  "evince"	""	"document,vector,menu=export"


DEBUG: Add to RC:
\viewer_alternatives pdf evince
\viewer_alternatives pdf2 evince
\viewer_alternatives pdf3 evince
\viewer_alternatives pdf4 evince
\viewer_alternatives pdf5 evince


INFO: +checking for "kghostview"...  no
INFO: +checking for "xpdf"...  yes
DEBUG: Add to RC:
\viewer_alternatives pdf xpdf
\viewer_alternatives pdf2 xpdf
\viewer_alternatives pdf3 xpdf
\viewer_alternatives pdf4 xpdf
\viewer_alternatives pdf5 xpdf


INFO: +checking for "acrobat"...  no
INFO: +checking for "acroread"...  yes
DEBUG: Add to RC:
\viewer_alternatives pdf acroread
\viewer_alternatives pdf2 acroread
\viewer_alternatives pdf3 acroread
\viewer_alternatives pdf4 acroread
\viewer_alternatives pdf5 acroread


INFO: +checking for "gv"...  no
INFO: +checking for "ghostview"...  no
INFO: checking for a DVI previewer...
INFO: +checking for "xdvi"...  yes
DEBUG: Add to RC:
\Format dvi        dvi     DVI                    D  "xdvi"	""	"document,vector,menu=export"
\Format dvi3       dvi     "DVI (LuaTeX)"          V  "xdvi"	""	"document,vector,menu=export"


DEBUG: Add to RC:
\viewer_alternatives dvi xdvi
\viewer_alternatives dvi3 xdvi


INFO: +checking for "kdvi"...  no
INFO: +checking for "okular"...  no
INFO: +checking for "yap"...  no
INFO: +checking for "dviout"...  no
INFO: checking for an HTML previewer...
INFO: +checking for "firefox"...  yes
DEBUG: Add to RC:
\Format html       html    HTML                   H  "firefox"	""	"document,menu=export"


DEBUG: Add to RC:
\viewer_alternatives html firefox


INFO: +checking for "mozilla"...  no
INFO: +checking for "netscape"...  no
INFO: checking for Noteedit...
INFO: +checking for "noteedit"...  no
INFO: checking for Noteedit...
INFO: +checking for "noteedit"...  no
DEBUG: Add to RC:
\Format noteedit   not     Noteedit               "" "auto"	"auto"	"vector"


INFO: checking for an OpenDocument/OpenOffice viewer...
INFO: +checking for "swriter"...  no
INFO: +checking for "oowriter"...  yes
DEBUG: Add to RC:
\editor_alternatives odt oowriter
\editor_alternatives sxw oowriter


INFO: +checking for "abiword"...  no
INFO: checking for an OpenDocument/OpenOffice viewer...
INFO: +checking for "swriter"...  no
INFO: +checking for "oowriter"...  yes
DEBUG: Add to RC:
\Format odt        odt     OpenDocument           "" "oowriter"	"oowriter"	"document,vector,menu=export"
\Format sxw        sxw    "OpenOffice.Org (sxw)"  "" ""	""	"document,vector"


DEBUG: Add to RC:
\viewer_alternatives odt oowriter
\viewer_alternatives sxw oowriter


INFO: +checking for "abiword"...  no
INFO: checking for a Rich Text and Word viewer...
INFO: +checking for "swriter"...  no
INFO: +checking for "oowriter"...  yes
DEBUG: Add to RC:
\editor_alternatives rtf oowriter
\editor_alternatives word oowriter


INFO: +checking for "abiword"...  no
INFO: checking for a Rich Text and Word viewer...
INFO: +checking for "swriter"...  no
INFO: +checking for "oowriter"...  yes
DEBUG: Add to RC:
\Format rtf        rtf    "Rich Text Format"      "" "oowriter"	"oowriter"	"document,vector,menu=export"
\Format word       doc    "MS Word"               W  "oowriter"	"oowriter"	"document,vector,menu=export"


DEBUG: Add to RC:
\viewer_alternatives rtf oowriter
\viewer_alternatives word oowriter


INFO: +checking for "abiword"...  no
DEBUG: Add to RC:
\Format date       ""     "date command"          "" ""	""	""
\Format csv        csv    "Table (CSV)"  "" ""	""	"document"
\Format fax        ""      Fax                    "" ""	""	"document"
\Format lyx        lyx     LyX                    "" ""	""	""
\Format lyx13x     13.lyx  "LyX 1.3.x"             "" ""	""	"document"
\Format lyx14x     14.lyx  "LyX 1.4.x"             "" ""	""	"document"
\Format lyx15x     15.lyx  "LyX 1.5.x"             "" ""	""	"document"
\Format lyx16x     16.lyx  "LyX 1.6.x"             "" ""	""	"document,menu=export"
\Format clyx       cjklyx "CJK LyX 1.4.x (big5)"  "" ""	""	"document"
\Format jlyx       cjklyx "CJK LyX 1.4.x (euc-jp)" "" ""	""	"document"
\Format klyx       cjklyx "CJK LyX 1.4.x (euc-kr)" "" ""	""	"document"
\Format lyxpreview lyxpreview "LyX Preview"       "" ""	""	""
\Format lyxpreview-lytex  lyxpreview-lytex  "LyX Preview (LilyPond book)" "" ""	""	""
\Format lyxpreview-platex lyxpreview-platex "LyX Preview (pLaTeX)"       "" ""	""	""
\Format pdftex     pdftex_t PDFTEX                "" ""	""	""
\Format program    ""      Program                "" ""	""	""
\Format pstex      pstex_t PSTEX                  "" ""	""	""
\Format wmf        wmf    "Windows Metafile"      "" ""	""	"vector"
\Format emf        emf    "Enhanced Metafile"     "" ""	""	"vector"
\Format wordhtml   html   "HTML (MS Word)"        "" "" ""	"document"



INFO: checking for the pdflatex program...
INFO: +checking for "pdflatex"...  yes
DEBUG: Add to RC:
\converter pdflatex   pdf2       "pdflatex $$i"	"latex=pdflatex"


INFO: checking for XeTeX...
INFO: +checking for "xelatex"...  yes
DEBUG: Add to RC:
\converter xetex      pdf4       "xelatex $$i"	"latex=xelatex"


INFO: checking for LuaTeX...
INFO: +checking for "lualatex"...  yes
INFO: checking for LuaTeX (DVI)...
INFO: +checking for "dvilualatex"...  yes
INFO: checking if LuaTeX is usable ... no (probably not recent enough)
DEBUG: Removing file luatest.tex
DEBUG: Removing file luatest.log
INFO: checking for a LaTeX/Noweb -> LyX converter...
INFO: +checking for "tex2lyx"...  yes
DEBUG: Add to RC:
\converter latex      lyx        "tex2lyx -f $$i $$o"	""
\converter literate   lyx        "tex2lyx -n -f $$i $$o"	""


INFO: checking for a Noweb -> LaTeX converter...
INFO: +checking for "noweave"...  no
DEBUG: Add to RC:
\converter literate   latex      ""	""
\converter literate   pdflatex      ""	""


INFO: checking for a Sweave -> LaTeX converter...
INFO: +checking for "Rscript"...  no
DEBUG: Add to RC:
\converter sweave   latex      ""	""
\converter sweave   pdflatex      ""	""


INFO: checking for an HTML -> LaTeX converter...
INFO: +checking for "html2latex"...  no
INFO: +checking for "gnuhtml2latex"...  no
INFO: +checking for "htmltolatex"...  no
INFO: +checking for "java"...  yes
DEBUG: Add to RC:
\converter html       latex      "java -jar htmltolatex.jar -input $$i -output $$o"	""


INFO: checking for an MS Word -> LaTeX converter...
INFO: +checking for "wvCleanLatex"...  no
DEBUG: Add to RC:
\converter word       latex      ""	""


INFO: checking for a LyX -> HTML converter...
INFO: +checking for "elyxer.py"...  yes
DEBUG: Add to RC:
\converter lyx      html       "elyxer.py --directory $$r $$i $$o"	""


INFO: checking for a LyX -> HTML (MS Word) converter...
INFO: +checking for "elyxer.py"...  yes
DEBUG: Add to RC:
\converter lyx      wordhtml       "elyxer.py --html --directory $$r $$i $$o"	""


DEBUG: Add to RC:
\copier    html       "python -tt $$s/scripts/ext_copy.py -e html,png,jpg,jpeg,css $$i $$o"


DEBUG: Add to RC:
\copier    wordhtml       "python -tt $$s/scripts/ext_copy.py -e html,png,jpg,jpeg,css $$i $$o"


INFO: checking for "lyxblogger module"...  no
INFO: checking for an OpenOffice.org -> LaTeX converter...
INFO: +checking for "w2l"...  no
DEBUG: Add to RC:
\converter sxw        latex      ""	""


INFO: checking for an OpenDocument -> LaTeX converter...
INFO: +checking for "w2l"...  no
DEBUG: Add to RC:
\converter odt        latex      ""	""


INFO: checking for a LaTeX -> Open Document converter...
INFO: +checking for "oolatex"...  no
INFO: +checking for "mk4ht"...  no
INFO: +checking for "oolatex.sh"...  no
INFO: +checking for "/usr/share/tex4ht/oolatex"...  no
INFO: +checking for "htlatex"...  no
DEBUG: Add to RC:
\converter latex      odt        ""	"needaux"


INFO: checking for a LaTeX -> RTF converter...
INFO: +checking for "latex2rtf"...  no
INFO: +checking for "latex2rt"...  no
DEBUG: Add to RC:
\converter latex      rtf        ""	"needaux"


INFO: checking for a RTF -> HTML converter...
INFO: +checking for "unrtf"...  no
DEBUG: Add to RC:
\converter rtf      html        ""	""


INFO: checking for a PS to PDF converter...
INFO: +checking for "ps2pdf13"...  yes
DEBUG: Add to RC:
\converter ps         pdf        "ps2pdf13 $$i $$o"	""


INFO: checking for a PS to TXT converter...
INFO: +checking for "pstotext"...  no
DEBUG: Add to RC:
\converter ps         text2      ""	""


INFO: checking for a PS to TXT converter...
INFO: +checking for "ps2ascii"...  yes
DEBUG: Add to RC:
\converter ps         text3      "ps2ascii $$i $$o"	""


INFO: checking for a PS to EPS converter...
INFO: +checking for "ps2eps"...  yes
DEBUG: Add to RC:
\converter ps         eps      "ps2eps $$i"	""


INFO: checking for a PDF to PS converter...
INFO: +checking for "pdf2ps"...  yes
DEBUG: Add to RC:
\converter pdf         ps        "pdf2ps $$i $$o"	""


INFO: checking for a PDF to EPS converter...
INFO: +checking for "pdftops"...  yes
DEBUG: Add to RC:
\converter pdf         eps        "pdftops -eps -f 1 -l 1 $$i $$o"	""


INFO: checking for a DVI to TXT converter...
INFO: +checking for "catdvi"...  no
DEBUG: Add to RC:
\converter dvi        text4      ""	""


INFO: checking for a DVI to PS converter...
INFO: +checking for "dvips"...  yes
DEBUG: Add to RC:
\converter dvi        ps         "dvips -o $$o $$i"	""


INFO: checking for a DVI to PDF converter...
INFO: +checking for "dvipdfmx"...  yes
DEBUG: Add to RC:
\converter dvi        pdf3       "dvipdfmx -o $$o $$i"	""


INFO: checking for dvipng...
INFO: +checking for "dvipng"...  yes
INFO: checking for DVI to DTL converter...
INFO: +checking for "dv2dt"...  yes
DEBUG: Add to RC:
\converter lyxpreview png        "python -tt $$s/scripts/lyxpreview2bitmap.py"	""


DEBUG: Add to RC:
\converter lyxpreview ppm        "python -tt $$s/scripts/lyxpreview2bitmap.py"	""


INFO: checking for a fax program...
INFO: +checking for "kdeprintfax"...  no
INFO: +checking for "ksendfax"...  no
INFO: +checking for "hylapex"...  no
DEBUG: Add to RC:
\converter ps         fax        ""	""


INFO: checking for a FIG -> Image converter...
INFO: +checking for "fig2dev"...  yes
DEBUG: Add to RC:
\converter fig        eps        "fig2dev -L eps $$i $$o"	""
\converter fig        ppm        "fig2dev -L ppm $$i $$o"	""
\converter fig        png        "fig2dev -L png $$i $$o"	""
\converter fig        pdftex     "python -tt $$s/scripts/fig2pdftex.py $$i $$o"	""
\converter fig        pstex      "python -tt $$s/scripts/fig2pstex.py $$i $$o"	""


INFO: checking for a TIFF -> PS converter...
INFO: +checking for "tiff2ps"...  no
INFO: checking for a TGIF -> EPS/PPM converter...
INFO: +checking for "tgif"...  no
INFO: checking for a WMF -> EPS converter...
INFO: +checking for "metafile2eps"...  no
INFO: +checking for "wmf2eps"...  yes
DEBUG: Add to RC:
\converter wmf        eps        "wmf2eps -o $$o $$i"	""


INFO: checking for an EMF -> EPS converter...
INFO: +checking for "metafile2eps"...  no
INFO: +checking for "wmf2eps"...  yes
DEBUG: Add to RC:
\converter emf        eps        "wmf2eps -o $$o $$i"	""


INFO: checking for an EPS -> PDF converter...
INFO: +checking for "epstopdf"...  yes
DEBUG: Add to RC:
\converter eps        pdf        "epstopdf --outfile=$$o $$i"	""


INFO: checking for a Grace -> Image converter...
INFO: +checking for "gracebat"...  no
INFO: checking for a Dot -> Image converter...
INFO: +checking for "dot"...  yes
DEBUG: Add to RC:
\converter dot        eps        "dot -Teps $$i -o $$o"	""
\converter dot        png        "dot -Tpng $$i -o $$o"	""


INFO: checking for a Dia -> PNG converter...
INFO: +checking for "dia"...  no
DEBUG: Add to RC:
\converter dia        png        ""	""


INFO: checking for a Dia -> EPS converter...
INFO: +checking for "dia"...  no
DEBUG: Add to RC:
\converter dia        eps        ""	""


INFO: checking for a SVG -> PDF converter...
INFO: +checking for "rsvg-convert"...  no
INFO: +checking for "inkscape"...  yes
DEBUG: Add to RC:
\converter svg        pdf        "inkscape --file=$$p/$$i --export-area-drawing --without-gui --export-pdf=$$p/$$o"	""


INFO: checking for a SVG -> EPS converter...
INFO: +checking for "rsvg-convert"...  no
INFO: +checking for "inkscape"...  yes
DEBUG: Add to RC:
\converter svg        eps        "inkscape --file=$$p/$$i --export-area-drawing --without-gui --export-eps=$$p/$$o"	""


INFO: checking for a SVG -> PNG converter...
INFO: +checking for "rsvg-convert"...  no
INFO: +checking for "inkscape"...  yes
DEBUG: Add to RC:
\converter svg        png        "inkscape --without-gui --file=$$i --export-png=$$o"	""


INFO: checking for a spreadsheet -> latex converter...
INFO: +checking for "ssconvert"...  no
INFO: checking for a LilyPond -> EPS/PDF/PNG converter...
INFO: +checking for "lilypond"...  no
INFO: checking for a LilyPond book (LaTeX) -> LaTeX converter...
INFO: +checking for "lilypond-book"...  no
INFO: checking for a Noteedit -> LilyPond converter...
INFO: +checking for "noteedit"...  no
DEBUG: Add to RC:
\Format lyxgz      gz     "LyX Archive (tar.gz)"  "" "" ""  "document,menu=export"


DEBUG: Add to RC:
\converter lyx lyxgz "python -tt $$s/scripts/lyxpak.py $$r/$$i" ""


DEBUG: Add to RC:
\converter lyxpreview-platex ppm        "python -tt $$s/scripts/lyxpreview-platex2bitmap.py"	""
\converter csv        lyx        "python -tt $$s/scripts/csv2lyx.py $$i $$o"	""
\converter date       dateout    "python -tt $$s/scripts/date.py %d-%m-%Y > $$o"	""
\converter docbook    docbook-xml "cp $$i $$o"	"xml"
\converter fen        asciichess "python -tt $$s/scripts/fen2ascii.py $$i $$o"	""
\converter lyx        lyx13x     "python -tt $$s/lyx2lyx/lyx2lyx -t 221 $$i > $$o"	""
\converter lyx        lyx14x     "python -tt $$s/lyx2lyx/lyx2lyx -t 245 $$i > $$o"	""
\converter lyx        lyx15x     "python -tt $$s/lyx2lyx/lyx2lyx -t 276 $$i > $$o"	""
\converter lyx        lyx16x     "python -tt $$s/lyx2lyx/lyx2lyx -t 345 $$i > $$o"	""
\converter lyx        clyx       "python -tt $$s/lyx2lyx/lyx2lyx -c big5 -t 245 $$i > $$o"	""
\converter lyx        jlyx       "python -tt $$s/lyx2lyx/lyx2lyx -c euc_jp -t 245 $$i > $$o"	""
\converter lyx        klyx       "python -tt $$s/lyx2lyx/lyx2lyx -c euc_kr -t 245 $$i > $$o"	""
\converter clyx       lyx        "python -tt $$s/lyx2lyx/lyx2lyx -c big5 $$i > $$o"	""
\converter jlyx       lyx        "python -tt $$s/lyx2lyx/lyx2lyx -c euc_jp $$i > $$o"	""
\converter klyx       lyx        "python -tt $$s/lyx2lyx/lyx2lyx -c euc_kr $$i > $$o"	""



INFO: checking for SGML-tools 2.x (DocBook), db2x scripts or xsltproc...
INFO: +checking for "sgmltools"...  no
INFO: +checking for "db2dvi"...  no
INFO: +checking for "xsltproc"...  yes
DEBUG: Add to RC:
\converter docbook    dvi        ""	""
\converter docbook    html       "" ""


INFO: Checking whether TeX allows spaces in file names... yes
DEBUG: Add to RC:
\tex_allows_spaces true


DEBUG: Removing file a b.tex
DEBUG: Removing file a b.log
DEBUG: Failed to remove file texput.log
INFO: checking for ChkTeX...
INFO: +checking for "chktex"...  no
DEBUG: Add to RC:
\chktex_command ""


INFO: checking for BibTeX or alternative programs...
INFO: +checking for "bibtex"...  yes
DEBUG: Add to RC:
\bibtex_command "bibtex"


DEBUG: Add to RC:
\bibtex_alternatives "bibtex"


INFO: +checking for "bibtex8"...  yes
DEBUG: Add to RC:
\bibtex_alternatives "bibtex8"


INFO: +checking for "biber"...  no
INFO: checking for a specific Japanese BibTeX variant...
INFO: +checking for "pbibtex"...  no
INFO: +checking for "jbibtex"...  no
INFO: +checking for "bibtex"...  yes
DEBUG: Add to RC:
\jbibtex_command "bibtex"


INFO: checking for available index processors...
INFO: +checking for "texindy"...  no
INFO: +checking for "makeindex"...  yes
DEBUG: Add to RC:
\index_command "makeindex -c -q"


DEBUG: Add to RC:
\index_alternatives "makeindex -c -q"


INFO: +checking for "xindy"...  no
INFO: checking for an index processor appropriate to Japanese...
INFO: +checking for "mendex"...  no
INFO: +checking for "jmakeindex"...  no
INFO: +checking for "makeindex"...  yes
DEBUG: Add to RC:
\jindex_command "makeindex -c -q"


INFO: checking for the splitindex processor...
INFO: +checking for "splitindex.pl"...  no
INFO: +checking for "splitindex"...  yes
DEBUG: Add to RC:
\splitindex_command "splitindex"


INFO: checking for a nomenclature processor...
INFO: +checking for "makeindex"...  yes
DEBUG: Add to RC:
\nomencl_command "makeindex -s nomencl.ist"


INFO: checking for a spool command...
INFO: +checking for "lp"...  yes
DEBUG: Add to RC:
\print_spool_printerprefix "-d "
\print_spool_command "lp"


DEBUG: Add to RC:
\copier    fig        "python -tt $$s/scripts/fig_copy.py $$i $$o"
\copier    pstex      "python -tt $$s/scripts/tex_copy.py $$i $$o $$l"
\copier    pdftex     "python -tt $$s/scripts/tex_copy.py $$i $$o $$l"
\copier    program    "python -tt $$s/scripts/ext_copy.py $$i $$o"



DEBUG: Removing file lyxmodules.lst
DEBUG: Failed to remove file chkmodules.tex
INFO: +checking list of modules... 
INFO: /home/jongman/lyx2.0/share/lyx/layouts/initials.module
INFO: /home/jongman/lyx2.0/share/lyx/layouts/customHeadersFooters.module
INFO: /home/jongman/lyx2.0/share/lyx/layouts/figs-within-sections.module
INFO: /home/jongman/lyx2.0/share/lyx/layouts/lilypond.module
INFO: /home/jongman/lyx2.0/share/lyx/layouts/theorems-ams-extended.module
INFO: /home/jongman/lyx2.0/share/lyx/layouts/enumitem.module
INFO: /home/jongman/lyx2.0/share/lyx/layouts/sweave.module
INFO: /home/jongman/lyx2.0/share/lyx/layouts/hanging.module
INFO: /home/jongman/lyx2.0/share/lyx/layouts/theorems-std.module
INFO: /home/jongman/lyx2.0/share/lyx/layouts/braille.module
INFO: /home/jongman/lyx2.0/share/lyx/layouts/logicalmkup.module
INFO: /home/jongman/lyx2.0/share/lyx/layouts/endnotes.module
INFO: /home/jongman/lyx2.0/share/lyx/layouts/theorems-sec-bytype.module
INFO: /home/jongman/lyx2.0/share/lyx/layouts/eqs-within-sections.module
INFO: /home/jongman/lyx2.0/share/lyx/layouts/theorems-ams-extended-bytype.module
INFO: /home/jongman/lyx2.0/share/lyx/layouts/theorems-starred.module
INFO: /home/jongman/lyx2.0/share/lyx/layouts/theorems-ams-bytype.module
INFO: /home/jongman/lyx2.0/share/lyx/layouts/linguistics.module
INFO: /home/jongman/lyx2.0/share/lyx/layouts/fix-cm.module
INFO: /home/jongman/lyx2.0/share/lyx/layouts/tabs-within-sections.module
INFO: /home/jongman/lyx2.0/share/lyx/layouts/theorems-chap.module
INFO: /home/jongman/lyx2.0/share/lyx/layouts/theorems-bytype.module
INFO: /home/jongman/lyx2.0/share/lyx/layouts/theorems-sec.module
INFO: /home/jongman/lyx2.0/share/lyx/layouts/theorems-named.module
INFO: /home/jongman/lyx2.0/share/lyx/layouts/theorems-ams.module
INFO: /home/jongman/lyx2.0/share/lyx/layouts/theorems-chap-bytype.module
INFO: /home/jongman/lyx2.0/share/lyx/layouts/fixltx2e.module
INFO: /home/jongman/lyx2.0/share/lyx/layouts/foottoend.module
INFO: /home/jongman/lyx2.0/share/lyx/layouts/noweb.module
INFO: /home/jongman/lyx2.0/share/lyx/layouts/minimalistic.module
INFO: 	done
INFO: checking LaTeX configuration... 	auto
DEBUG: Failed to remove file wrap_chkconfig.ltx
DEBUG: Failed to remove file chkconfig.vars
DEBUG: Failed to remove file chkconfig.classes
DEBUG: Failed to remove file chklayouts.tex
INFO: +Inspecting your LaTeX configuration.
INFO: +checking for LaTeX version... 2009/09/24
INFO: +checking for available hyphenation patterns... english, usenglishmax, dumylang
INFO: +checking for default encoding (this may take a long time)
INFO: +  checking for ec fonts... yes
INFO: +  checking for ec support in LaTeX format... yes
INFO: +  default encoding will be set to T1
INFO: +checking for document class AEA [AEA,amsmath.sty,harvard.sty,multicol.sty,sets
INFO: +checking for document class IEEEtran [IEEEtran]... no
INFO: +checking for document class aapaper [aa]... no
INFO: +checking for document class aastex [aastex,amssymb.sty,latexsym.sty,natbib.sty
INFO: +checking for document class aa [aa]... no
INFO: +checking for document class achemso [achemso,caption.sty,courier.sty,cleveref.
INFO: +checking for document class acmsiggraph [acmsiggraph,lineno.sty]... no
INFO: +checking for docbook  class agu-dtd...  yes
INFO: +checking for document class agums [aguplus,agums.sty]... no
INFO: +checking for document class agutex [agutex]... no
INFO: +checking for document class amsart [amsart]... yes
INFO: +checking for document class amsbook [amsbook]... yes
INFO: +checking for document class apa [apa,apacite.sty,endfloat.sty,endnotes.sty]...
INFO: +checking for document class arab-article [arabart,arabrep,altxext.sty,arabext.
INFO: +checking for document class armenian-article [article]... yes
INFO: +checking for document class article-beamer [article,beamerarticle.sty,keyval.s
INFO: +checking for document class article [article]... yes
INFO: +checking for document class beamer [beamer,amssymb.sty,hyperref.sty,pgf.sty,xc
INFO: +checking for document class book [book]... yes
INFO: +checking for document class broadway [broadway,extramarks.sty,fancyhdr.sty,las
INFO: +checking for document class chess [article,calc.sty,lambda.sty,lyxskak.sty]...
INFO: +checking for document class cl2emult [cl2emult,multicol.sty]... no
INFO: +checking for document class dinbrief [dinbrief]... yes
INFO: +checking for docbook  class docbook-book...  yes
INFO: +checking for docbook  class docbook-chapter...  yes
INFO: +checking for docbook  class docbook-section...  yes
INFO: +checking for docbook  class docbook...  yes
INFO: +checking for document class doublecol-new [doublecol-new,amsmath.sty,amssymb.s
INFO: +checking for document class dtk [dtk,dtklogos.sty,filecontents.sty,multicol.st
INFO: +checking for document class ectaart [ectaart]... no
INFO: +checking for document class egs [egs]... no
INFO: +checking for document class elsarticle [elsarticle,natbib.sty,pifont.sty]...
INFO: +checking for document class elsart [elsart,amssymb.sty,latexsym.sty]... no
INFO: +checking for document class entcs [entcs,amssymb.sty,entcsmacro.sty,hyperref.s
INFO: +checking for document class europecv [europecv,fancyhdr.sty,longtable.sty,ucs.
INFO: +checking for document class extarticle [extarticle]... yes
INFO: +checking for document class extbook [extbook]... yes
INFO: +checking for document class extletter [extletter]... yes
INFO: +checking for document class extreport [extreport]... yes
INFO: +checking for document class foils [foils]... no
INFO: +checking for document class frletter [frletter]... no
INFO: +checking for document class g-brief2 [g-brief2,europs.sty]... yes
INFO: +checking for document class g-brief [g-brief,europs.sty]... yes
INFO: +checking for document class heb-article [article,theorem.sty]... yes
INFO: +checking for document class heb-letter [letter]... yes
INFO: +checking for document class hollywood [hollywood,calc.sty,fancyhdr.sty,ulem.st
INFO: +checking for document class ijmpc [ws-ijmpc,amsmath.sty,amssymb.sty,rotating.s
INFO: +checking for document class ijmpd [ws-ijmpd,amsmath.sty,amssymb.sty,rotating.s
INFO: +checking for document class iopart [iopart,amsmath.sty,amssymb.sty,iopams.sty,
INFO: +checking for document class isprs [isprs,epsfig.sty,times.sty]... no
INFO: +checking for document class jarticle [jarticle]... no
INFO: +checking for document class jbook [jbook]... no
INFO: +checking for document class jgrga [aguplus,jgrga.sty]... no
INFO: +checking for document class jreport [jreport]... no
INFO: +checking for document class jsarticle [jsarticle]... no
INFO: +checking for document class jsbook [jsbook]... no
INFO: +checking for document class jss [jss,ae.sty,color.sty,fancyvrb.sty,hyperref.st
INFO: +checking for document class kluwer [kluwer]... no
INFO: +checking for document class latex8 [article,latex8.sty,times.sty]... no
INFO: +checking for document class letter [letter]... yes
INFO: +checking for document class lettre [lettre]... yes
INFO: +checking for document class literate-article [article,noweb.sty]... no
INFO: +checking for document class literate-book [book,noweb.sty]... no
INFO: +checking for document class literate-report [report,noweb.sty]... no
INFO: +checking for document class llncs [llncs,aliascnt.sty,multicol.sty]... no
INFO: +checking for document class ltugboat [ltugboat]... no
INFO: +checking for document class memoir [memoir]... yes
INFO: +checking for document class moderncv [moderncv,color.sty,fancyhdr.sty,hyperref
INFO: +checking for document class mwart [mwart]... no
INFO: +checking for document class mwbk [mwbk]... no
INFO: +checking for document class mwrep [mwrep]... no
INFO: +checking for document class paper [paper]... yes
INFO: +checking for document class powerdot [powerdot,enumitem.sty,hyperref.sty,pstri
INFO: +checking for document class recipebook [scrbook]... yes
INFO: +checking for document class report [report]... yes
INFO: +checking for document class revtex4 [revtex4,natbib.sty,revsymb.sty]... no
INFO: +checking for document class revtex [revtex,revtex.sty]... no
INFO: +checking for document class scrartcl [scrartcl]... yes
INFO: +checking for document class scrarticle-beamer [scrartcl,beamerarticle.sty,keyv
INFO: +checking for document class scrbook [scrbook]... yes
INFO: +checking for document class scrlettr [scrlettr]... yes
INFO: +checking for document class scrlttr2 [scrlttr2]... yes
INFO: +checking for document class scrreprt [scrreprt]... yes
INFO: +checking for document class seminar [seminar,sem-page.sty]... yes
INFO: +checking for document class siamltex [siamltex]... no
INFO: +checking for document class sigplanconf [sigplanconf,natbib.sty]... no
INFO: +checking for document class simplecv [simplecv]... yes
INFO: +checking for document class singlecol-new [singlecol-new,amsmath.sty,amssymb.s
INFO: +checking for document class singlecol [singlecol, natbib.sty]... no
INFO: +checking for document class slides [slides]... yes
INFO: +checking for document class spie [spie,cite.sty]... no
INFO: +checking for document class svglobal3 [svjour3,svglov3.clo,natbib.sty]... no
INFO: +checking for document class svglobal [svjour,svglobal.clo]... no
INFO: +checking for document class svjog [svjour,svjog.clo,natbib.sty]... no
INFO: +checking for document class svmono [svmono,natbib.sty]... no
INFO: +checking for document class svmult [svmult,natbib.sty]... no
INFO: +checking for document class svprobth [svjour,svprobth.clo]... no
INFO: +checking for document class tarticle [tarticle,plext.sty]... no
INFO: +checking for document class tbook [tbook,plext.sty]... no
INFO: +checking for document class treport [treport,plext.sty]... no
INFO: +checking for document class tufte-book [tufte-book,bibentry.sty,fancyhdr.sty,m
INFO: +checking for document class tufte-handout [tufte-handout,bibentry.sty,fancyhdr
INFO: +checking for package fancyhdr [fancyhdr]... yes
INFO: +checking for package enumitem [enumitem]... yes
INFO: +checking for package braille [braille]... no
INFO: +checking for package endnotes [endnotes]... yes
INFO: +checking for package covington [covington]... yes
INFO: +checking for package endnotes [endnotes]... yes
INFO: +checking for package noweb [noweb]... no
INFO: +checking for package accents [accents]... yes
INFO: +checking for package algorithm [algorithm]... no
INFO: +checking for package amstext [amstext]... yes
INFO: +checking for package arabi [arabic.ldf]... no
INFO: +checking for package array [array]... yes
INFO: +checking for package babel [babel]... yes
INFO: +checking for package bibtopic [bibtopic]... no
INFO: +checking for package bm [bm]... yes
INFO: +checking for package booktabs [booktabs]... yes
INFO: +checking for package braille [braille]... no
INFO: +checking for package breakurl [breakurl]... yes
INFO: +checking for package CJKutf8 [CJKutf8]... no
INFO: +checking for package calc [calc]... yes
INFO: +checking for package color [color]... yes
INFO: +checking for package covington [covington]... yes
INFO: +checking for package csquotes [csquotes]... yes
INFO: +checking for package dvipost [dvipost]... no
INFO: +checking for package endnotes [endnotes]... yes
INFO: +checking for package enumitem [enumitem]... yes
INFO: +checking for package esint [esint]... yes
INFO: +checking for package fontspec [fontspec]... yes
INFO: +checking for package hhline [hhline]... yes
INFO: +checking for package ifsym [ifsym]... no
INFO: +checking for package ifthen [ifthen]... yes
INFO: +checking for package fancybox [fancybox]... yes
INFO: +checking for package fancyhdr [fancyhdr]... yes
INFO: +checking for package fixltx2e [fixltx2e]... yes
INFO: +checking for package fix-cm [fix-cm]... yes
INFO: +checking for package float [float]... yes
INFO: +checking for package framed [framed]... yes
INFO: +checking for package geometry [geometry]... yes
INFO: +checking for package graphicx [graphicx]... yes
INFO: +checking for package hyperref [hyperref]... yes
INFO: +checking for package hyphenat [hyphenat]... yes
INFO: +checking for package japanese [japanese.ldf]... no
INFO: +checking for package jurabib [jurabib]... no
INFO: +checking for package latex8 [latex8]... no
INFO: +checking for package lettrine [lettrine]... yes
INFO: +checking for package listings [listings]... yes
INFO: +checking for package lithuanian [lithuanian.ldf]... no
INFO: +checking for package longtable [longtable]... yes
INFO: +checking for package luainputenc [luainputenc]... yes
INFO: +checking for package mathdots [mathdots]... yes
INFO: +checking for package mathrsfs [mathrsfs]... yes
INFO: +checking for package mhchem [mhchem]... no
INFO: +checking for package mongolian [mongolian.ldf]... no
INFO: +checking for package multirow [multirow]... yes
INFO: +checking for package natbib [natbib]... yes
INFO: +checking for package nicefrac [nicefrac]... yes
INFO: +checking for package nomencl [nomencl]... yes
INFO: +checking for package pdfcolmk [pdfcolmk]... yes
INFO: +checking for package polyglossia [polyglossia]... yes
INFO: +checking for package pdfpages [pdfpages]... yes
INFO: +checking for package prettyref [prettyref]... yes
INFO: +checking for package preview [preview]... yes
INFO: +checking for package refstyle [refstyle]... yes
INFO: +checking for package rotating [rotating]... yes
INFO: +checking for package rotfloat [rotfloat]... yes
INFO: +checking for package setspace [setspace]... yes
INFO: +checking for package slashed [slashed]... yes
INFO: +checking for package soul [soul]... yes
INFO: +checking for package splitidx [splitidx]... yes
INFO: +checking for package subfig [subfig]... yes
INFO: +checking for package Sweave [Sweave]... no
INFO: +checking for package textcomp [textcomp]... yes
INFO: +checking for package subscript [subscript]... yes
INFO: +checking for package turkmen [turkmen.ldf]... no
INFO: +checking for package ulem [ulem]... yes
INFO: +checking for package units [units]... yes
INFO: +checking for package url [url]... yes
INFO: +checking for package varioref [varioref]... yes
INFO: +checking for package wasysym [wasysym]... yes
INFO: +checking for package wrapfig [wrapfig]... yes
INFO: +checking for package xargs [xargs]... yes
INFO: +checking for package xcolor [xcolor]... yes
INFO: +checking for package psnfss [times.sty]... yes
INFO: +checking for package avant [avant]... yes
INFO: +checking for package bookman [bookman]... yes
INFO: +checking for package chancery [chancery]... yes
INFO: +checking for package charter [charter]... yes
INFO: +checking for package courier [courier]... yes
INFO: +checking for package helvet [helvet]... yes
INFO: +checking for package mathpazo [mathpazo]... yes
INFO: +checking for package mathpple [mathpple]... yes
INFO: +checking for package mathptm [mathptm]... yes
INFO: +checking for package mathptmx [mathptmx]... yes
INFO: +checking for package newcent [newcent]... yes
INFO: +checking for package pifont [pifont]... yes
INFO: +checking for package utopia [utopia]... yes
INFO: +checking for package ae [ae]... yes
INFO: +checking for package bera [bera]... no
INFO: +checking for package ccfonts [ccfonts]... no
INFO: +checking for package cmbright [cmbright]... no
INFO: +checking for package eco [eco]... no
INFO: +checking for package feyn [feyn]... no
INFO: +checking for package fourier [fourier]... no
INFO: +checking for package lmodern [lmodern]... yes
INFO: +checking for package luximono [luximono]... no
INFO: +checking for package tipa [tipa]... yes
INFO: +checking for package zhmetrics [c70fs.fd]... no
INFO: +Inspection done.
INFO: +Read the file doc/LaTeXConfig.lyx for more information.
DEBUG: Add to RC:
\font_encoding "T1"


DEBUG: Removing file chkconfig.ltx
DEBUG: Removing file chkconfig.vars
DEBUG: Removing file wrap_chkconfig.ltx
DEBUG: Removing file wrap_chkconfig.log
DEBUG: Removing file chklayouts.tex
DEBUG: Removing file chkmodules.tex
DEBUG: Failed to remove file missfont.log
DEBUG: Removing file chklatex.ltx
DEBUG: Removing file chklatex.log
