ec
fancyhdr
enumitem
endnotes
covington
endnotes
accents
amstext
array
babel
bm
booktabs
breakurl
calc
color
covington
csquotes
endnotes
enumitem
esint
fontspec
hhline
ifthen
fancybox
fancyhdr
fixltx2e
fix-cm
float
framed
geometry
graphicx
hyperref
hyphenat
lettrine
listings
longtable
luainputenc
mathdots
mathrsfs
multirow
natbib
nicefrac
nomencl
pdfcolmk
polyglossia
pdfpages
prettyref
preview
refstyle
rotating
rotfloat
setspace
slashed
soul
splitidx
subfig
textcomp
subscript
ulem
units
url
varioref
wasysym
wrapfig
xargs
xcolor
psnfss
avant
bookman
chancery
charter
courier
helvet
mathpazo
mathpple
mathptm
mathptmx
newcent
pifont
utopia
ae
lmodern
tipa
